Error: Navigation failed because browser has disconnected!
Error: net::ERR_ABORTED at https://www.amazon.ae/Necomi-Management-Organizer-Offices-Kitchens/dp/B0B6DYMRWK?ref_=Oct_DLandingS_D_4867ee5e_61
Error: net::ERR_ABORTED at https://www.amazon.ae/Handheld-Personal-Portable-Treadmill-Traveling/dp/B09WTJ1WHT?ref_=Oct_DLandingS_D_4867ee5e_62
ProtocolError: Protocol error (Page.navigate): Target closed.
Error: Protocol error (Page.navigate): Session closed. Most likely the page has been closed.
Error: Protocol error (Page.navigate): Session closed. Most likely the page has been closed.
Error: net::ERR_ABORTED at https://www.amazon.ae/Necomi-Management-Organizer-Offices-Kitchens/dp/B0B6DYMRWK?ref_=Oct_DLandingS_D_4867ee5e_62
Error: net::ERR_ABORTED at https://www.amazon.ae/Necomi-Bedroom-Backdrop-Lighting-Christmas/dp/B0BK87MFV7?ref_=Oct_DLandingS_D_4867ee5e_63
ProtocolError: Protocol error (Page.navigate): Target closed.
Error: Protocol error (Page.navigate): Session closed. Most likely the page has been closed.
Error: Navigation failed because browser has disconnected!
Error: Protocol error (Page.navigate): Session closed. Most likely the page has been closed.
Error: Protocol error (Page.navigate): Session closed. Most likely the page has been closed.
Error: Protocol error (Page.navigate): Session closed. Most likely the page has been closed.
Error: Protocol error (Page.navigate): Session closed. Most likely the page has been closed.
Error: Protocol error (Page.navigate): Session closed. Most likely the page has been closed.
Error: Navigation failed because browser has disconnected!
Error: Protocol error (Page.navigate): Session closed. Most likely the page has been closed.
Error: Protocol error (Page.navigate): Session closed. Most likely the page has been closed.
Error: Protocol error (Page.navigate): Session closed. Most likely the page has been closed.
Error: Protocol error (Page.navigate): Session closed. Most likely the page has been closed.
Error: Protocol error (Page.navigate): Session closed. Most likely the page has been closed.
line 487 Error: Requesting main frame too early!
line 487 Error: Navigation failed because browser has disconnected!
line 487 Error: Protocol error (Page.navigate): Session closed. Most likely the page has been closed.
line 487 Error: Protocol error (Page.navigate): Session closed. Most likely the page has been closed.
line 487 Error: Protocol error (Page.navigate): Session closed. Most likely the page has been closed.
line 487 Error: Protocol error (Page.navigate): Session closed. Most likely the page has been closed.
line 487 Error: Protocol error (Page.navigate): Session closed. Most likely the page has been closed.
line 487 Error: Protocol error (Page.navigate): Session closed. Most likely the page has been closed.
line 487 Error: Protocol error (Page.navigate): Session closed. Most likely the page has been closed.
line 487 Error: Protocol error (Page.navigate): Session closed. Most likely the page has been closed.
line 487 Error: Protocol error (Page.navigate): Session closed. Most likely the page has been closed.
